<?xml version="1.0" encoding="UTF-8"?>
<!-- Generated by org.testng.reporters.JUnitReportReporter -->
<testsuite hostname="DESKTOP-SK98M2H" failures="0" tests="2" name="SaravanaFramework.HomePage" time="29.975" errors="0" timestamp="2022-07-02T13:46:33 NZST" skipped="0">
  <testcase classname="SaravanaFramework.HomePage" name="basePageNavigation" time="14.830"/>
  <system-out/>
  <testcase classname="SaravanaFramework.HomePage" name="basePageNavigation" time="15.145"/>
  <system-out/>
</testsuite> <!-- SaravanaFramework.HomePage -->
