<?xml version="1.0" encoding="UTF-8"?>
<!-- Generated by org.testng.reporters.JUnitReportReporter -->
<testsuite hostname="DESKTOP-SK98M2H" failures="0" tests="2" name="SaravanaFramework.HomePage" time="65.328" errors="0" timestamp="2022-07-03T18:23:52 NZST" skipped="0">
  <testcase classname="SaravanaFramework.HomePage" name="basePageNavigation" time="32.830"/>
  <system-out/>
  <testcase classname="SaravanaFramework.HomePage" name="basePageNavigation" time="32.498"/>
  <system-out/>
</testsuite> <!-- SaravanaFramework.HomePage -->
