<?xml version="1.0" encoding="UTF-8"?>
<!-- Generated by org.testng.reporters.JUnitReportReporter -->
<testsuite hostname="DESKTOP-SK98M2H" failures="0" tests="5" name="CucumberOptions.TestRunner" time="36.864" errors="0" timestamp="2022-07-31T16:47:12 NZST" skipped="0">
  <testcase classname="CucumberOptions.TestRunner" name="runScenario" time="9.749"/>
  <system-out/>
  <testcase classname="CucumberOptions.TestRunner" name="runScenario" time="6.504"/>
  <system-out/>
  <testcase classname="CucumberOptions.TestRunner" name="runScenario" time="7.158"/>
  <system-out/>
  <testcase classname="CucumberOptions.TestRunner" name="runScenario" time="7.741"/>
  <system-out/>
  <testcase classname="CucumberOptions.TestRunner" name="runScenario" time="5.712"/>
  <system-out/>
</testsuite> <!-- CucumberOptions.TestRunner -->
