<?xml version="1.0" encoding="UTF-8"?>
<!-- Generated by org.testng.reporters.JUnitReportReporter -->
<testsuite hostname="DESKTOP-SK98M2H" failures="0" tests="1" name="SaravanaFramework.ValidateNavigationBar" time="2.045" errors="0" timestamp="2022-07-03T13:22:56 NZST" skipped="0">
  <testcase classname="SaravanaFramework.ValidateNavigationBar" name="basePageNavigation" time="2.045"/>
  <system-out/>
</testsuite> <!-- SaravanaFramework.ValidateNavigationBar -->
